{"/home/travis/build/npmtest/node-npmtest-jsesc/test.js":{"path":"/home/travis/build/npmtest/node-npmtest-jsesc/test.js","s":{"1":2,"2":2,"3":2,"4":2,"5":2,"6":2,"7":2,"8":1,"9":2,"10":2,"11":1,"12":1,"13":1,"14":1,"15":2,"16":2,"17":2,"18":2,"19":1,"20":1,"21":2,"22":2,"23":2,"24":1,"25":1,"26":1,"27":1,"28":1,"29":1,"30":1,"31":1,"32":1,"33":1,"34":1,"35":1,"36":1,"37":1,"38":1,"39":2,"40":2,"41":1,"42":2,"43":2,"44":1,"45":2,"46":2,"47":1,"48":2,"49":2,"50":1,"51":1,"52":1,"53":1,"54":1},"b":{"1":[2,1,1,1],"2":[1,1,1,1],"3":[1,1],"4":[1,1],"5":[1,1],"6":[1,1],"7":[1,1],"8":[1,1],"9":[1,1],"10":[1,1,1],"11":[1,1],"12":[1,1],"13":[1,1],"14":[1,1],"15":[1,1],"16":[1,1],"17":[1,1]},"f":{"1":2,"2":2,"3":2,"4":2,"5":2,"6":1,"7":1,"8":1,"9":2,"10":2,"11":2,"12":2,"13":1},"fnMap":{"1":{"name":"(anonymous_1)","line":12,"loc":{"start":{"line":12,"column":1},"end":{"line":12,"column":13}}},"2":{"name":"(anonymous_2)","line":19,"loc":{"start":{"line":19,"column":5},"end":{"line":19,"column":17}}},"3":{"name":"(anonymous_3)","line":23,"loc":{"start":{"line":23,"column":24},"end":{"line":23,"column":36}}},"4":{"name":"(anonymous_4)","line":61,"loc":{"start":{"line":61,"column":5},"end":{"line":61,"column":17}}},"5":{"name":"(anonymous_5)","line":82,"loc":{"start":{"line":82,"column":5},"end":{"line":82,"column":17}}},"6":{"name":"(anonymous_6)","line":91,"loc":{"start":{"line":91,"column":77},"end":{"line":94,"column":10}}},"7":{"name":"(anonymous_7)","line":112,"loc":{"start":{"line":112,"column":83},"end":{"line":115,"column":10}},"skip":true},"8":{"name":"(anonymous_8)","line":123,"loc":{"start":{"line":123,"column":77},"end":{"line":126,"column":10}},"skip":true},"9":{"name":"(anonymous_9)","line":139,"loc":{"start":{"line":139,"column":12},"end":{"line":139,"column":40}},"skip":true},"10":{"name":"(anonymous_10)","line":147,"loc":{"start":{"line":147,"column":77},"end":{"line":150,"column":10}},"skip":true},"11":{"name":"(anonymous_11)","line":158,"loc":{"start":{"line":158,"column":83},"end":{"line":161,"column":10}},"skip":true},"12":{"name":"(anonymous_12)","line":169,"loc":{"start":{"line":169,"column":79},"end":{"line":172,"column":10}},"skip":true},"13":{"name":"(anonymous_13)","line":180,"loc":{"start":{"line":180,"column":75},"end":{"line":183,"column":10}},"skip":true}},"statementMap":{"1":{"start":{"line":12,"column":0},"end":{"line":195,"column":5}},"2":{"start":{"line":14,"column":4},"end":{"line":14,"column":14}},"3":{"start":{"line":19,"column":4},"end":{"line":56,"column":9}},"4":{"start":{"line":21,"column":8},"end":{"line":21,"column":19}},"5":{"start":{"line":23,"column":8},"end":{"line":35,"column":13}},"6":{"start":{"line":24,"column":12},"end":{"line":34,"column":13}},"7":{"start":{"line":25,"column":16},"end":{"line":28,"column":30}},"8":{"start":{"line":30,"column":16},"end":{"line":33,"column":27}},"9":{"start":{"line":37,"column":8},"end":{"line":39,"column":21}},"10":{"start":{"line":40,"column":8},"end":{"line":53,"column":9}},"11":{"start":{"line":43,"column":12},"end":{"line":46,"column":14}},"12":{"start":{"line":47,"column":12},"end":{"line":47,"column":18}},"13":{"start":{"line":50,"column":12},"end":{"line":51,"column":46}},"14":{"start":{"line":52,"column":12},"end":{"line":52,"column":18}},"15":{"start":{"line":55,"column":8},"end":{"line":55,"column":35}},"16":{"start":{"line":61,"column":4},"end":{"line":63,"column":9}},"17":{"start":{"line":62,"column":8},"end":{"line":62,"column":15}},"18":{"start":{"line":64,"column":4},"end":{"line":77,"column":5}},"19":{"start":{"line":70,"column":8},"end":{"line":70,"column":14}},"20":{"start":{"line":76,"column":8},"end":{"line":76,"column":14}},"21":{"start":{"line":82,"column":4},"end":{"line":84,"column":9}},"22":{"start":{"line":83,"column":8},"end":{"line":83,"column":15}},"23":{"start":{"line":85,"column":4},"end":{"line":194,"column":5}},"24":{"start":{"line":91,"column":8},"end":{"line":99,"column":10}},"25":{"start":{"line":98,"column":12},"end":{"line":98,"column":35}},"26":{"start":{"line":102,"column":8},"end":{"line":104,"column":63}},"27":{"start":{"line":105,"column":8},"end":{"line":105,"column":14}},"28":{"start":{"line":112,"column":8},"end":{"line":121,"column":10},"skip":true},"29":{"start":{"line":119,"column":12},"end":{"line":119,"column":55},"skip":true},"30":{"start":{"line":120,"column":12},"end":{"line":120,"column":48},"skip":true},"31":{"start":{"line":123,"column":8},"end":{"line":136,"column":10},"skip":true},"32":{"start":{"line":130,"column":12},"end":{"line":130,"column":76},"skip":true},"33":{"start":{"line":131,"column":12},"end":{"line":131,"column":73},"skip":true},"34":{"start":{"line":132,"column":12},"end":{"line":132,"column":74},"skip":true},"35":{"start":{"line":133,"column":12},"end":{"line":133,"column":79},"skip":true},"36":{"start":{"line":134,"column":12},"end":{"line":134,"column":25},"skip":true},"37":{"start":{"line":135,"column":12},"end":{"line":135,"column":45},"skip":true},"38":{"start":{"line":138,"column":8},"end":{"line":145,"column":14},"skip":true},"39":{"start":{"line":143,"column":16},"end":{"line":143,"column":29},"skip":true},"40":{"start":{"line":144,"column":16},"end":{"line":144,"column":55},"skip":true},"41":{"start":{"line":147,"column":8},"end":{"line":156,"column":10},"skip":true},"42":{"start":{"line":154,"column":12},"end":{"line":154,"column":25},"skip":true},"43":{"start":{"line":155,"column":12},"end":{"line":155,"column":45},"skip":true},"44":{"start":{"line":158,"column":8},"end":{"line":167,"column":10},"skip":true},"45":{"start":{"line":165,"column":12},"end":{"line":165,"column":25},"skip":true},"46":{"start":{"line":166,"column":12},"end":{"line":166,"column":48},"skip":true},"47":{"start":{"line":169,"column":8},"end":{"line":178,"column":10},"skip":true},"48":{"start":{"line":176,"column":12},"end":{"line":176,"column":25},"skip":true},"49":{"start":{"line":177,"column":12},"end":{"line":177,"column":46},"skip":true},"50":{"start":{"line":180,"column":8},"end":{"line":189,"column":10},"skip":true},"51":{"start":{"line":187,"column":12},"end":{"line":187,"column":94},"skip":true},"52":{"start":{"line":188,"column":12},"end":{"line":188,"column":48},"skip":true},"53":{"start":{"line":192,"column":8},"end":{"line":192,"column":35},"skip":true},"54":{"start":{"line":193,"column":8},"end":{"line":193,"column":14},"skip":true}},"branchMap":{"1":{"line":25,"type":"binary-expr","locations":[{"start":{"line":25,"column":23},"end":{"line":25,"column":62}},{"start":{"line":26,"column":20},"end":{"line":26,"column":70}},{"start":{"line":27,"column":20},"end":{"line":27,"column":71}},{"start":{"line":28,"column":20},"end":{"line":28,"column":29}}]},"2":{"line":30,"type":"binary-expr","locations":[{"start":{"line":30,"column":23},"end":{"line":30,"column":37}},{"start":{"line":31,"column":20},"end":{"line":31,"column":61}},{"start":{"line":32,"column":20},"end":{"line":32,"column":70}},{"start":{"line":33,"column":20},"end":{"line":33,"column":26}}]},"3":{"line":37,"type":"cond-expr","locations":[{"start":{"line":38,"column":14},"end":{"line":38,"column":20}},{"start":{"line":39,"column":14},"end":{"line":39,"column":20}}]},"4":{"line":40,"type":"switch","locations":[{"start":{"line":42,"column":8},"end":{"line":47,"column":18}},{"start":{"line":49,"column":8},"end":{"line":52,"column":18}}]},"5":{"line":44,"type":"binary-expr","locations":[{"start":{"line":44,"column":16},"end":{"line":44,"column":44}},{"start":{"line":44,"column":48},"end":{"line":44,"column":66}}]},"6":{"line":50,"type":"binary-expr","locations":[{"start":{"line":50,"column":21},"end":{"line":50,"column":49}},{"start":{"line":50,"column":53},"end":{"line":50,"column":72}}]},"7":{"line":64,"type":"switch","locations":[{"start":{"line":69,"column":4},"end":{"line":70,"column":14}},{"start":{"line":75,"column":4},"end":{"line":76,"column":14}}]},"8":{"line":85,"type":"switch","locations":[{"start":{"line":90,"column":4},"end":{"line":105,"column":14}},{"start":{"line":111,"column":4},"end":{"line":193,"column":14},"skip":true}]},"9":{"line":91,"type":"binary-expr","locations":[{"start":{"line":91,"column":42},"end":{"line":91,"column":73}},{"start":{"line":91,"column":77},"end":{"line":99,"column":9}}]},"10":{"line":102,"type":"binary-expr","locations":[{"start":{"line":102,"column":18},"end":{"line":102,"column":32}},{"start":{"line":103,"column":12},"end":{"line":103,"column":53}},{"start":{"line":104,"column":12},"end":{"line":104,"column":61}}]},"11":{"line":112,"type":"binary-expr","locations":[{"start":{"line":112,"column":45},"end":{"line":112,"column":79},"skip":true},{"start":{"line":112,"column":83},"end":{"line":121,"column":9},"skip":true}]},"12":{"line":123,"type":"binary-expr","locations":[{"start":{"line":123,"column":42},"end":{"line":123,"column":73},"skip":true},{"start":{"line":123,"column":77},"end":{"line":136,"column":9},"skip":true}]},"13":{"line":138,"type":"binary-expr","locations":[{"start":{"line":138,"column":48},"end":{"line":138,"column":85},"skip":true},{"start":{"line":139,"column":12},"end":{"line":145,"column":13},"skip":true}]},"14":{"line":147,"type":"binary-expr","locations":[{"start":{"line":147,"column":42},"end":{"line":147,"column":73},"skip":true},{"start":{"line":147,"column":77},"end":{"line":156,"column":9},"skip":true}]},"15":{"line":158,"type":"binary-expr","locations":[{"start":{"line":158,"column":45},"end":{"line":158,"column":79},"skip":true},{"start":{"line":158,"column":83},"end":{"line":167,"column":9},"skip":true}]},"16":{"line":169,"type":"binary-expr","locations":[{"start":{"line":169,"column":43},"end":{"line":169,"column":75},"skip":true},{"start":{"line":169,"column":79},"end":{"line":178,"column":9},"skip":true}]},"17":{"line":180,"type":"binary-expr","locations":[{"start":{"line":180,"column":41},"end":{"line":180,"column":71},"skip":true},{"start":{"line":180,"column":75},"end":{"line":189,"column":9},"skip":true}]}},"code":["/* istanbul instrument in package npmtest_jsesc */","/*jslint","    bitwise: true,","    browser: true,","    maxerr: 8,","    maxlen: 96,","    node: true,","    nomen: true,","    regexp: true,","    stupid: true","*/","(function () {","    'use strict';","    var local;","","","","    // run shared js-env code - pre-init","    (function () {","        // init local","        local = {};","        // init modeJs","        local.modeJs = (function () {","            try {","                return typeof navigator.userAgent === 'string' &&","                    typeof document.querySelector('body') === 'object' &&","                    typeof XMLHttpRequest.prototype.open === 'function' &&","                    'browser';","            } catch (errorCaughtBrowser) {","                return module.exports &&","                    typeof process.versions.node === 'string' &&","                    typeof require('http').createServer === 'function' &&","                    'node';","            }","        }());","        // init global","        local.global = local.modeJs === 'browser'","            ? window","            : global;","        switch (local.modeJs) {","        // re-init local from window.local","        case 'browser':","            local = local.global.utility2.objectSetDefault(","                local.global.utility2_rollup || local.global.local,","                local.global.utility2","            );","            break;","        // re-init local from example.js","        case 'node':","            local = (local.global.utility2_rollup || require('utility2'))","                .requireExampleJsFromReadme();","            break;","        }","        // export local","        local.global.local = local;","    }());","","","","    // run shared js-env code - function","    (function () {","        return;","    }());","    switch (local.modeJs) {","","","","    // run browser js-env code - function","    case 'browser':","        break;","","","","    // run node js-env code - function","    case 'node':","        break;","    }","","","","    // run shared js-env code - post-init","    (function () {","        return;","    }());","    switch (local.modeJs) {","","","","    // run browser js-env code - post-init","    case 'browser':","        local.testCase_browser_nullCase = local.testCase_browser_nullCase || function (","            options,","            onError","        ) {","        /*","         * this function will test browsers's null-case handling-behavior-behavior","         */","            onError(null, options);","        };","","        // run tests","        local.nop(local.modeTest &&","            document.querySelector('#testRunButton1') &&","            document.querySelector('#testRunButton1').click());","        break;","","","","    // run node js-env code - post-init","    /* istanbul ignore next */","    case 'node':","        local.testCase_buildApidoc_default = local.testCase_buildApidoc_default || function (","            options,","            onError","        ) {","        /*","         * this function will test buildApidoc's default handling-behavior-behavior","         */","            options = { modulePathList: module.paths };","            local.buildApidoc(options, onError);","        };","","        local.testCase_buildApp_default = local.testCase_buildApp_default || function (","            options,","            onError","        ) {","        /*","         * this function will test buildApp's default handling-behavior-behavior","         */","            local.testCase_buildReadme_default(options, local.onErrorThrow);","            local.testCase_buildLib_default(options, local.onErrorThrow);","            local.testCase_buildTest_default(options, local.onErrorThrow);","            local.testCase_buildCustomOrg_default(options, local.onErrorThrow);","            options = [];","            local.buildApp(options, onError);","        };","","        local.testCase_buildCustomOrg_default = local.testCase_buildCustomOrg_default ||","            function (options, onError) {","            /*","             * this function will test buildCustomOrg's default handling-behavior","             */","                options = {};","                local.buildCustomOrg(options, onError);","            };","","        local.testCase_buildLib_default = local.testCase_buildLib_default || function (","            options,","            onError","        ) {","        /*","         * this function will test buildLib's default handling-behavior","         */","            options = {};","            local.buildLib(options, onError);","        };","","        local.testCase_buildReadme_default = local.testCase_buildReadme_default || function (","            options,","            onError","        ) {","        /*","         * this function will test buildReadme's default handling-behavior-behavior","         */","            options = {};","            local.buildReadme(options, onError);","        };","","        local.testCase_buildTest_default = local.testCase_buildTest_default || function (","            options,","            onError","        ) {","        /*","         * this function will test buildTest's default handling-behavior","         */","            options = {};","            local.buildTest(options, onError);","        };","","        local.testCase_webpage_default = local.testCase_webpage_default || function (","            options,","            onError","        ) {","        /*","         * this function will test webpage's default handling-behavior","         */","            options = { modeCoverageMerge: true, url: local.serverLocalHost + '?modeTest=1' };","            local.browserTest(options, onError);","        };","","        // run test-server","        local.testRunServer(local);","        break;","    }","}());",""],"l":{"12":2,"14":2,"19":2,"21":2,"23":2,"24":2,"25":2,"30":1,"37":2,"40":2,"43":1,"47":1,"50":1,"52":1,"55":2,"61":2,"62":2,"64":2,"70":1,"76":1,"82":2,"83":2,"85":2,"91":1,"98":1,"102":1,"105":1,"112":1,"119":1,"120":1,"123":1,"130":1,"131":1,"132":1,"133":1,"134":1,"135":1,"138":1,"143":2,"144":2,"147":1,"154":2,"155":2,"158":1,"165":2,"166":2,"169":1,"176":2,"177":2,"180":1,"187":1,"188":1,"192":1,"193":1}},"/home/travis/build/npmtest/node-npmtest-jsesc/lib.npmtest_jsesc.js":{"path":"/home/travis/build/npmtest/node-npmtest-jsesc/lib.npmtest_jsesc.js","s":{"1":2,"2":2,"3":2,"4":2,"5":2,"6":2,"7":2,"8":1,"9":2,"10":2,"11":2,"12":2,"13":1,"14":1,"15":1,"16":1},"b":{"1":[2,1,1,1],"2":[1,1,1,1],"3":[1,1],"4":[2,2],"5":[1,1]},"f":{"1":2,"2":2,"3":2},"fnMap":{"1":{"name":"(anonymous_1)","line":12,"loc":{"start":{"line":12,"column":1},"end":{"line":12,"column":13}}},"2":{"name":"(anonymous_2)","line":19,"loc":{"start":{"line":19,"column":5},"end":{"line":19,"column":17}}},"3":{"name":"(anonymous_3)","line":23,"loc":{"start":{"line":23,"column":24},"end":{"line":23,"column":36}}}},"statementMap":{"1":{"start":{"line":12,"column":0},"end":{"line":53,"column":5}},"2":{"start":{"line":14,"column":4},"end":{"line":14,"column":14}},"3":{"start":{"line":19,"column":4},"end":{"line":52,"column":9}},"4":{"start":{"line":21,"column":8},"end":{"line":21,"column":19}},"5":{"start":{"line":23,"column":8},"end":{"line":35,"column":13}},"6":{"start":{"line":24,"column":12},"end":{"line":34,"column":13}},"7":{"start":{"line":25,"column":16},"end":{"line":28,"column":30}},"8":{"start":{"line":30,"column":16},"end":{"line":33,"column":27}},"9":{"start":{"line":37,"column":8},"end":{"line":39,"column":21}},"10":{"start":{"line":41,"column":8},"end":{"line":41,"column":54}},"11":{"start":{"line":43,"column":8},"end":{"line":43,"column":50}},"12":{"start":{"line":45,"column":8},"end":{"line":51,"column":9}},"13":{"start":{"line":46,"column":12},"end":{"line":46,"column":56}},"14":{"start":{"line":48,"column":12},"end":{"line":48,"column":35}},"15":{"start":{"line":49,"column":12},"end":{"line":49,"column":49}},"16":{"start":{"line":50,"column":12},"end":{"line":50,"column":43}}},"branchMap":{"1":{"line":25,"type":"binary-expr","locations":[{"start":{"line":25,"column":23},"end":{"line":25,"column":62}},{"start":{"line":26,"column":20},"end":{"line":26,"column":70}},{"start":{"line":27,"column":20},"end":{"line":27,"column":71}},{"start":{"line":28,"column":20},"end":{"line":28,"column":29}}]},"2":{"line":30,"type":"binary-expr","locations":[{"start":{"line":30,"column":23},"end":{"line":30,"column":37}},{"start":{"line":31,"column":20},"end":{"line":31,"column":61}},{"start":{"line":32,"column":20},"end":{"line":32,"column":70}},{"start":{"line":33,"column":20},"end":{"line":33,"column":26}}]},"3":{"line":37,"type":"cond-expr","locations":[{"start":{"line":38,"column":14},"end":{"line":38,"column":20}},{"start":{"line":39,"column":14},"end":{"line":39,"column":20}}]},"4":{"line":41,"type":"binary-expr","locations":[{"start":{"line":41,"column":16},"end":{"line":41,"column":44}},{"start":{"line":41,"column":48},"end":{"line":41,"column":53}}]},"5":{"line":45,"type":"if","locations":[{"start":{"line":45,"column":8},"end":{"line":45,"column":8}},{"start":{"line":45,"column":8},"end":{"line":45,"column":8}}]}},"code":["/* istanbul instrument in package npmtest_jsesc */","/*jslint","    bitwise: true,","    browser: true,","    maxerr: 8,","    maxlen: 96,","    node: true,","    nomen: true,","    regexp: true,","    stupid: true","*/","(function () {","    'use strict';","    var local;","","","","    // run shared js-env code - pre-init","    (function () {","        // init local","        local = {};","        // init modeJs","        local.modeJs = (function () {","            try {","                return typeof navigator.userAgent === 'string' &&","                    typeof document.querySelector('body') === 'object' &&","                    typeof XMLHttpRequest.prototype.open === 'function' &&","                    'browser';","            } catch (errorCaughtBrowser) {","                return module.exports &&","                    typeof process.versions.node === 'string' &&","                    typeof require('http').createServer === 'function' &&","                    'node';","            }","        }());","        // init global","        local.global = local.modeJs === 'browser'","            ? window","            : global;","        // init utility2_rollup","        local = local.global.utility2_rollup || local;","        // init lib","        local.local = local.npmtest_jsesc = local;","        // init exports","        if (local.modeJs === 'browser') {","            local.global.utility2_npmtest_jsesc = local;","        } else {","            module.exports = local;","            module.exports.__dirname = __dirname;","            module.exports.module = module;","        }","    }());","}());",""],"l":{"12":2,"14":2,"19":2,"21":2,"23":2,"24":2,"25":2,"30":1,"37":2,"41":2,"43":2,"45":2,"46":1,"48":1,"49":1,"50":1}},"/home/travis/build/npmtest/node-npmtest-jsesc/example.js":{"path":"/home/travis/build/npmtest/node-npmtest-jsesc/example.js","s":{"1":2,"2":2,"3":2,"4":2,"5":2,"6":2,"7":2,"8":1,"9":2,"10":2,"11":2,"12":2,"13":1,"14":2,"15":2,"16":2,"17":2,"18":2,"19":0,"20":2,"21":1,"22":1,"23":1,"24":1,"25":1,"26":0,"27":0,"28":1,"29":1,"30":2,"31":0,"32":0,"33":0,"34":1,"35":2,"36":2,"37":3,"38":3,"39":3,"40":3,"41":0,"42":3,"43":3,"44":3,"45":1,"46":3,"47":1,"48":1,"49":1,"50":1,"51":1,"52":1,"53":1,"54":1,"55":1,"56":1,"57":0,"58":1,"59":6,"60":6,"61":1,"62":2,"63":0,"64":2,"65":1,"66":1,"67":0,"68":0,"69":0,"70":0,"71":0,"72":0,"73":0,"74":0,"75":0,"76":0,"77":0,"78":0,"79":0,"80":0,"81":0,"82":0,"83":0},"b":{"1":[2,1,1,1],"2":[1,1,1,1],"3":[1,1],"4":[2,2],"5":[1,1],"6":[1,1],"7":[2,0],"8":[2,1,1,1,1,1],"9":[0,2,0],"10":[1,1],"11":[2,1,1],"12":[1,0],"13":[0,2],"14":[2,0,0,0,0,0,0],"15":[0,3],"16":[3,0],"17":[1,1],"18":[0,1],"19":[1,2,0,2],"20":[1,0],"21":[1,1],"22":[0,0],"23":[0,0],"24":[0,0],"25":[0,0],"26":[0,0],"27":[0,0],"28":[0,0]},"f":{"1":2,"2":2,"3":2,"4":2,"5":2,"6":2,"7":3,"8":3,"9":3,"10":1,"11":6,"12":0},"fnMap":{"1":{"name":"(anonymous_1)","line":26,"loc":{"start":{"line":26,"column":1},"end":{"line":26,"column":13}}},"2":{"name":"(anonymous_2)","line":33,"loc":{"start":{"line":33,"column":5},"end":{"line":33,"column":17}}},"3":{"name":"(anonymous_3)","line":37,"loc":{"start":{"line":37,"column":24},"end":{"line":37,"column":36}}},"4":{"name":"(anonymous_4)","line":69,"loc":{"start":{"line":69,"column":31},"end":{"line":69,"column":48}},"skip":true},"5":{"name":"(anonymous_5)","line":78,"loc":{"start":{"line":78,"column":26},"end":{"line":78,"column":45}},"skip":true},"6":{"name":"(anonymous_6)","line":123,"loc":{"start":{"line":123,"column":33},"end":{"line":123,"column":48}},"skip":true},"7":{"name":"(anonymous_7)","line":125,"loc":{"start":{"line":125,"column":27},"end":{"line":125,"column":39}},"skip":true},"8":{"name":"(anonymous_8)","line":133,"loc":{"start":{"line":133,"column":59},"end":{"line":133,"column":74}},"skip":true},"9":{"name":"(anonymous_9)","line":143,"loc":{"start":{"line":143,"column":45},"end":{"line":143,"column":62}},"skip":true},"10":{"name":"(anonymous_10)","line":144,"loc":{"start":{"line":144,"column":73},"end":{"line":144,"column":92}},"skip":true},"11":{"name":"(anonymous_11)","line":272,"loc":{"start":{"line":272,"column":51},"end":{"line":272,"column":77}},"skip":true},"12":{"name":"(anonymous_12)","line":315,"loc":{"start":{"line":315,"column":32},"end":{"line":315,"column":61}},"skip":true}},"statementMap":{"1":{"start":{"line":26,"column":0},"end":{"line":326,"column":5}},"2":{"start":{"line":28,"column":4},"end":{"line":28,"column":14}},"3":{"start":{"line":33,"column":4},"end":{"line":60,"column":9}},"4":{"start":{"line":35,"column":8},"end":{"line":35,"column":19}},"5":{"start":{"line":37,"column":8},"end":{"line":49,"column":13}},"6":{"start":{"line":38,"column":12},"end":{"line":48,"column":13}},"7":{"start":{"line":39,"column":16},"end":{"line":42,"column":30}},"8":{"start":{"line":44,"column":16},"end":{"line":47,"column":27}},"9":{"start":{"line":51,"column":8},"end":{"line":53,"column":21}},"10":{"start":{"line":55,"column":8},"end":{"line":57,"column":45}},"11":{"start":{"line":59,"column":8},"end":{"line":59,"column":35}},"12":{"start":{"line":61,"column":4},"end":{"line":325,"column":5}},"13":{"start":{"line":69,"column":8},"end":{"line":121,"column":10},"skip":true},"14":{"start":{"line":70,"column":12},"end":{"line":88,"column":13},"skip":true},"15":{"start":{"line":76,"column":16},"end":{"line":87,"column":19},"skip":true},"16":{"start":{"line":79,"column":20},"end":{"line":86,"column":21},"skip":true},"17":{"start":{"line":82,"column":24},"end":{"line":82,"column":43},"skip":true},"18":{"start":{"line":83,"column":24},"end":{"line":83,"column":30},"skip":true},"19":{"start":{"line":85,"column":24},"end":{"line":85,"column":49},"skip":true},"20":{"start":{"line":89,"column":12},"end":{"line":107,"column":13},"skip":true},"21":{"start":{"line":92,"column":16},"end":{"line":102,"column":17},"skip":true},"22":{"start":{"line":93,"column":20},"end":{"line":93,"column":86},"skip":true},"23":{"start":{"line":94,"column":20},"end":{"line":95,"column":45},"skip":true},"24":{"start":{"line":96,"column":20},"end":{"line":96,"column":42},"skip":true},"25":{"start":{"line":97,"column":20},"end":{"line":97,"column":48},"skip":true},"26":{"start":{"line":100,"column":20},"end":{"line":100,"column":85},"skip":true},"27":{"start":{"line":101,"column":20},"end":{"line":101,"column":96},"skip":true},"28":{"start":{"line":103,"column":16},"end":{"line":103,"column":22},"skip":true},"29":{"start":{"line":106,"column":16},"end":{"line":106,"column":22},"skip":true},"30":{"start":{"line":108,"column":12},"end":{"line":120,"column":13},"skip":true},"31":{"start":{"line":114,"column":16},"end":{"line":119,"column":17},"skip":true},"32":{"start":{"line":116,"column":20},"end":{"line":116,"column":78},"skip":true},"33":{"start":{"line":118,"column":20},"end":{"line":118,"column":47},"skip":true},"34":{"start":{"line":123,"column":8},"end":{"line":141,"column":11},"skip":true},"35":{"start":{"line":124,"column":12},"end":{"line":124,"column":54},"skip":true},"36":{"start":{"line":125,"column":12},"end":{"line":140,"column":14},"skip":true},"37":{"start":{"line":126,"column":16},"end":{"line":126,"column":28},"skip":true},"38":{"start":{"line":127,"column":16},"end":{"line":127,"column":69},"skip":true},"39":{"start":{"line":128,"column":16},"end":{"line":128,"column":75},"skip":true},"40":{"start":{"line":129,"column":16},"end":{"line":131,"column":17},"skip":true},"41":{"start":{"line":130,"column":20},"end":{"line":130,"column":27},"skip":true},"42":{"start":{"line":133,"column":16},"end":{"line":137,"column":36},"skip":true},"43":{"start":{"line":134,"column":20},"end":{"line":136,"column":55},"skip":true},"44":{"start":{"line":139,"column":16},"end":{"line":139,"column":57},"skip":true},"45":{"start":{"line":143,"column":8},"end":{"line":147,"column":11},"skip":true},"46":{"start":{"line":144,"column":12},"end":{"line":146,"column":15},"skip":true},"47":{"start":{"line":145,"column":16},"end":{"line":145,"column":70},"skip":true},"48":{"start":{"line":149,"column":8},"end":{"line":149,"column":31},"skip":true},"49":{"start":{"line":150,"column":8},"end":{"line":150,"column":14},"skip":true},"50":{"start":{"line":158,"column":8},"end":{"line":158,"column":31},"skip":true},"51":{"start":{"line":160,"column":8},"end":{"line":160,"column":33},"skip":true},"52":{"start":{"line":161,"column":8},"end":{"line":161,"column":37},"skip":true},"53":{"start":{"line":162,"column":8},"end":{"line":162,"column":35},"skip":true},"54":{"start":{"line":164,"column":8},"end":{"line":164,"column":50},"skip":true},"55":{"start":{"line":166,"column":8},"end":{"line":256,"column":2},"skip":true},"56":{"start":{"line":258,"column":8},"end":{"line":286,"column":9},"skip":true},"57":{"start":{"line":259,"column":12},"end":{"line":269,"column":14},"skip":true},"58":{"start":{"line":271,"column":12},"end":{"line":285,"column":19},"skip":true},"59":{"start":{"line":274,"column":20},"end":{"line":274,"column":35},"skip":true},"60":{"start":{"line":275,"column":20},"end":{"line":284,"column":21},"skip":true},"61":{"start":{"line":277,"column":24},"end":{"line":277,"column":64},"skip":true},"62":{"start":{"line":279,"column":24},"end":{"line":279,"column":40},"skip":true},"63":{"start":{"line":281,"column":24},"end":{"line":281,"column":40},"skip":true},"64":{"start":{"line":283,"column":24},"end":{"line":283,"column":39},"skip":true},"65":{"start":{"line":288,"column":8},"end":{"line":290,"column":9},"skip":true},"66":{"start":{"line":289,"column":12},"end":{"line":289,"column":18},"skip":true},"67":{"start":{"line":291,"column":8},"end":{"line":293,"column":54},"skip":true},"68":{"start":{"line":296,"column":8},"end":{"line":301,"column":37},"skip":true},"69":{"start":{"line":303,"column":8},"end":{"line":303,"column":82},"skip":true},"70":{"start":{"line":306,"column":8},"end":{"line":308,"column":9},"skip":true},"71":{"start":{"line":307,"column":12},"end":{"line":307,"column":82},"skip":true},"72":{"start":{"line":310,"column":8},"end":{"line":312,"column":9},"skip":true},"73":{"start":{"line":311,"column":12},"end":{"line":311,"column":18},"skip":true},"74":{"start":{"line":313,"column":8},"end":{"line":313,"column":54},"skip":true},"75":{"start":{"line":314,"column":8},"end":{"line":314,"column":69},"skip":true},"76":{"start":{"line":315,"column":8},"end":{"line":323,"column":36},"skip":true},"77":{"start":{"line":316,"column":12},"end":{"line":316,"column":61},"skip":true},"78":{"start":{"line":317,"column":12},"end":{"line":320,"column":13},"skip":true},"79":{"start":{"line":318,"column":16},"end":{"line":318,"column":75},"skip":true},"80":{"start":{"line":319,"column":16},"end":{"line":319,"column":23},"skip":true},"81":{"start":{"line":321,"column":12},"end":{"line":321,"column":38},"skip":true},"82":{"start":{"line":322,"column":12},"end":{"line":322,"column":27},"skip":true},"83":{"start":{"line":324,"column":8},"end":{"line":324,"column":14},"skip":true}},"branchMap":{"1":{"line":39,"type":"binary-expr","locations":[{"start":{"line":39,"column":23},"end":{"line":39,"column":62}},{"start":{"line":40,"column":20},"end":{"line":40,"column":70}},{"start":{"line":41,"column":20},"end":{"line":41,"column":71}},{"start":{"line":42,"column":20},"end":{"line":42,"column":29}}]},"2":{"line":44,"type":"binary-expr","locations":[{"start":{"line":44,"column":23},"end":{"line":44,"column":37}},{"start":{"line":45,"column":20},"end":{"line":45,"column":61}},{"start":{"line":46,"column":20},"end":{"line":46,"column":70}},{"start":{"line":47,"column":20},"end":{"line":47,"column":26}}]},"3":{"line":51,"type":"cond-expr","locations":[{"start":{"line":52,"column":14},"end":{"line":52,"column":20}},{"start":{"line":53,"column":14},"end":{"line":53,"column":20}}]},"4":{"line":55,"type":"binary-expr","locations":[{"start":{"line":55,"column":16},"end":{"line":55,"column":44}},{"start":{"line":55,"column":49},"end":{"line":57,"column":43}}]},"5":{"line":55,"type":"cond-expr","locations":[{"start":{"line":56,"column":14},"end":{"line":56,"column":49}},{"start":{"line":57,"column":14},"end":{"line":57,"column":43}}]},"6":{"line":61,"type":"switch","locations":[{"start":{"line":68,"column":4},"end":{"line":150,"column":14},"skip":true},{"start":{"line":156,"column":4},"end":{"line":324,"column":14},"skip":true}]},"7":{"line":70,"type":"if","locations":[{"start":{"line":70,"column":12},"end":{"line":70,"column":12},"skip":true},{"start":{"line":70,"column":12},"end":{"line":70,"column":12},"skip":true}]},"8":{"line":70,"type":"binary-expr","locations":[{"start":{"line":70,"column":16},"end":{"line":70,"column":22},"skip":true},{"start":{"line":70,"column":27},"end":{"line":70,"column":32},"skip":true},{"start":{"line":71,"column":20},"end":{"line":71,"column":39},"skip":true},{"start":{"line":72,"column":20},"end":{"line":72,"column":49},"skip":true},{"start":{"line":73,"column":20},"end":{"line":73,"column":58},"skip":true},{"start":{"line":74,"column":20},"end":{"line":74,"column":69},"skip":true}]},"9":{"line":79,"type":"switch","locations":[{"start":{"line":80,"column":20},"end":{"line":80,"column":33},"skip":true},{"start":{"line":81,"column":20},"end":{"line":83,"column":30},"skip":true},{"start":{"line":84,"column":20},"end":{"line":85,"column":49},"skip":true}]},"10":{"line":89,"type":"switch","locations":[{"start":{"line":90,"column":12},"end":{"line":103,"column":22},"skip":true},{"start":{"line":105,"column":12},"end":{"line":106,"column":22},"skip":true}]},"11":{"line":89,"type":"binary-expr","locations":[{"start":{"line":89,"column":20},"end":{"line":89,"column":25},"skip":true},{"start":{"line":89,"column":29},"end":{"line":89,"column":48},"skip":true},{"start":{"line":89,"column":52},"end":{"line":89,"column":74},"skip":true}]},"12":{"line":92,"type":"if","locations":[{"start":{"line":92,"column":16},"end":{"line":92,"column":16},"skip":true},{"start":{"line":92,"column":16},"end":{"line":92,"column":16},"skip":true}]},"13":{"line":108,"type":"if","locations":[{"start":{"line":108,"column":12},"end":{"line":108,"column":12},"skip":true},{"start":{"line":108,"column":12},"end":{"line":108,"column":12},"skip":true}]},"14":{"line":108,"type":"binary-expr","locations":[{"start":{"line":108,"column":16},"end":{"line":108,"column":61},"skip":true},{"start":{"line":108,"column":66},"end":{"line":108,"column":72},"skip":true},{"start":{"line":108,"column":77},"end":{"line":108,"column":82},"skip":true},{"start":{"line":109,"column":20},"end":{"line":109,"column":39},"skip":true},{"start":{"line":110,"column":20},"end":{"line":110,"column":49},"skip":true},{"start":{"line":111,"column":20},"end":{"line":111,"column":58},"skip":true},{"start":{"line":112,"column":20},"end":{"line":112,"column":68},"skip":true}]},"15":{"line":129,"type":"if","locations":[{"start":{"line":129,"column":16},"end":{"line":129,"column":16},"skip":true},{"start":{"line":129,"column":16},"end":{"line":129,"column":16},"skip":true}]},"16":{"line":134,"type":"cond-expr","locations":[{"start":{"line":135,"column":26},"end":{"line":135,"column":29},"skip":true},{"start":{"line":136,"column":26},"end":{"line":136,"column":54},"skip":true}]},"17":{"line":164,"type":"binary-expr","locations":[{"start":{"line":164,"column":27},"end":{"line":164,"column":43},"skip":true},{"start":{"line":164,"column":47},"end":{"line":164,"column":49},"skip":true}]},"18":{"line":258,"type":"if","locations":[{"start":{"line":258,"column":8},"end":{"line":258,"column":8},"skip":true},{"start":{"line":258,"column":8},"end":{"line":258,"column":8},"skip":true}]},"19":{"line":275,"type":"switch","locations":[{"start":{"line":276,"column":20},"end":{"line":277,"column":64},"skip":true},{"start":{"line":278,"column":20},"end":{"line":279,"column":40},"skip":true},{"start":{"line":280,"column":20},"end":{"line":281,"column":40},"skip":true},{"start":{"line":282,"column":20},"end":{"line":283,"column":39},"skip":true}]},"20":{"line":288,"type":"if","locations":[{"start":{"line":288,"column":8},"end":{"line":288,"column":8},"skip":true},{"start":{"line":288,"column":8},"end":{"line":288,"column":8},"skip":true}]},"21":{"line":288,"type":"binary-expr","locations":[{"start":{"line":288,"column":12},"end":{"line":288,"column":40},"skip":true},{"start":{"line":288,"column":44},"end":{"line":288,"column":67},"skip":true}]},"22":{"line":292,"type":"binary-expr","locations":[{"start":{"line":292,"column":12},"end":{"line":292,"column":50},"skip":true},{"start":{"line":293,"column":12},"end":{"line":293,"column":53},"skip":true}]},"23":{"line":297,"type":"binary-expr","locations":[{"start":{"line":297,"column":12},"end":{"line":297,"column":63},"skip":true},{"start":{"line":298,"column":12},"end":{"line":301,"column":36},"skip":true}]},"24":{"line":303,"type":"binary-expr","locations":[{"start":{"line":303,"column":43},"end":{"line":303,"column":75},"skip":true},{"start":{"line":303,"column":79},"end":{"line":303,"column":81},"skip":true}]},"25":{"line":306,"type":"if","locations":[{"start":{"line":306,"column":8},"end":{"line":306,"column":8},"skip":true},{"start":{"line":306,"column":8},"end":{"line":306,"column":8},"skip":true}]},"26":{"line":310,"type":"if","locations":[{"start":{"line":310,"column":8},"end":{"line":310,"column":8},"skip":true},{"start":{"line":310,"column":8},"end":{"line":310,"column":8},"skip":true}]},"27":{"line":313,"type":"binary-expr","locations":[{"start":{"line":313,"column":27},"end":{"line":313,"column":43},"skip":true},{"start":{"line":313,"column":47},"end":{"line":313,"column":53},"skip":true}]},"28":{"line":317,"type":"if","locations":[{"start":{"line":317,"column":12},"end":{"line":317,"column":12},"skip":true},{"start":{"line":317,"column":12},"end":{"line":317,"column":12},"skip":true}]}},"code":["/*","example.js","","quickstart example","","instruction","    1. save this script as example.js","    2. run the shell command:","        $ npm install npmtest-jsesc && PORT=8081 node example.js","    3. play with the browser-demo on http://127.0.0.1:8081","*/","","","","/* istanbul instrument in package npmtest_jsesc */","/*jslint","    bitwise: true,","    browser: true,","    maxerr: 8,","    maxlen: 96,","    node: true,","    nomen: true,","    regexp: true,","    stupid: true","*/","(function () {","    'use strict';","    var local;","","","","    // run shared js-env code - pre-init","    (function () {","        // init local","        local = {};","        // init modeJs","        local.modeJs = (function () {","            try {","                return typeof navigator.userAgent === 'string' &&","                    typeof document.querySelector('body') === 'object' &&","                    typeof XMLHttpRequest.prototype.open === 'function' &&","                    'browser';","            } catch (errorCaughtBrowser) {","                return module.exports &&","                    typeof process.versions.node === 'string' &&","                    typeof require('http').createServer === 'function' &&","                    'node';","            }","        }());","        // init global","        local.global = local.modeJs === 'browser'","            ? window","            : global;","        // init utility2_rollup","        local = local.global.utility2_rollup || (local.modeJs === 'browser'","            ? local.global.utility2_npmtest_jsesc","            : global.utility2_moduleExports);","        // export local","        local.global.local = local;","    }());","    switch (local.modeJs) {","","","","    // post-init","    // run browser js-env code - post-init","    /* istanbul ignore next */","    case 'browser':","        local.testRunBrowser = function (event) {","            if (!event || (event &&","                    event.currentTarget &&","                    event.currentTarget.className &&","                    event.currentTarget.className.includes &&","                    event.currentTarget.className.includes('onreset'))) {","                // reset output","                Array.from(","                    document.querySelectorAll('body > .resettable')","                ).forEach(function (element) {","                    switch (element.tagName) {","                    case 'INPUT':","                    case 'TEXTAREA':","                        element.value = '';","                        break;","                    default:","                        element.textContent = '';","                    }","                });","            }","            switch (event && event.currentTarget && event.currentTarget.id) {","            case 'testRunButton1':","                // show tests","                if (document.querySelector('#testReportDiv1').style.display === 'none') {","                    document.querySelector('#testReportDiv1').style.display = 'block';","                    document.querySelector('#testRunButton1').textContent =","                        'hide internal test';","                    local.modeTest = true;","                    local.testRunDefault(local);","                // hide tests","                } else {","                    document.querySelector('#testReportDiv1').style.display = 'none';","                    document.querySelector('#testRunButton1').textContent = 'run internal test';","                }","                break;","            // custom-case","            default:","                break;","            }","            if (document.querySelector('#inputTextareaEval1') && (!event || (event &&","                    event.currentTarget &&","                    event.currentTarget.className &&","                    event.currentTarget.className.includes &&","                    event.currentTarget.className.includes('oneval')))) {","                // try to eval input-code","                try {","                    /*jslint evil: true*/","                    eval(document.querySelector('#inputTextareaEval1').value);","                } catch (errorCaught) {","                    console.error(errorCaught);","                }","            }","        };","        // log stderr and stdout to #outputTextareaStdout1","        ['error', 'log'].forEach(function (key) {","            console[key + '_original'] = console[key];","            console[key] = function () {","                var element;","                console[key + '_original'].apply(console, arguments);","                element = document.querySelector('#outputTextareaStdout1');","                if (!element) {","                    return;","                }","                // append text to #outputTextareaStdout1","                element.value += Array.from(arguments).map(function (arg) {","                    return typeof arg === 'string'","                        ? arg","                        : JSON.stringify(arg, null, 4);","                }).join(' ') + '\\n';","                // scroll textarea to bottom","                element.scrollTop = element.scrollHeight;","            };","        });","        // init event-handling","        ['change', 'click', 'keyup'].forEach(function (event) {","            Array.from(document.querySelectorAll('.on' + event)).forEach(function (element) {","                element.addEventListener(event, local.testRunBrowser);","            });","        });","        // run tests","        local.testRunBrowser();","        break;","","","","    // run node js-env code - post-init","    /* istanbul ignore next */","    case 'node':","        // export local","        module.exports = local;","        // require modules","        local.fs = require('fs');","        local.http = require('http');","        local.url = require('url');","        // init assets","        local.assetsDict = local.assetsDict || {};","        /* jslint-ignore-begin */","        local.assetsDict['/assets.index.template.html'] = '\\","<!doctype html>\\n\\","<html lang=\"en\">\\n\\","<head>\\n\\","<meta charset=\"UTF-8\">\\n\\","<meta name=\"viewport\" content=\"width=device-width, initial-scale=1\">\\n\\","<title>{{env.npm_package_name}} (v{{env.npm_package_version}})</title>\\n\\","<style>\\n\\","/*csslint\\n\\","    box-sizing: false,\\n\\","    universal-selector: false\\n\\","*/\\n\\","* {\\n\\","    box-sizing: border-box;\\n\\","}\\n\\","body {\\n\\","    background: #dde;\\n\\","    font-family: Arial, Helvetica, sans-serif;\\n\\","    margin: 2rem;\\n\\","}\\n\\","body > * {\\n\\","    margin-bottom: 1rem;\\n\\","}\\n\\",".utility2FooterDiv {\\n\\","    margin-top: 20px;\\n\\","    text-align: center;\\n\\","}\\n\\","</style>\\n\\","<style>\\n\\","/*csslint\\n\\","*/\\n\\","textarea {\\n\\","    font-family: monospace;\\n\\","    height: 10rem;\\n\\","    width: 100%;\\n\\","}\\n\\","textarea[readonly] {\\n\\","    background: #ddd;\\n\\","}\\n\\","</style>\\n\\","</head>\\n\\","<body>\\n\\","<!-- utility2-comment\\n\\","<div id=\"ajaxProgressDiv1\" style=\"background: #d00; height: 2px; left: 0; margin: 0; padding: 0; position: fixed; top: 0; transition: background 0.5s, width 1.5s; width: 25%;\"></div>\\n\\","utility2-comment -->\\n\\","<h1>\\n\\","<!-- utility2-comment\\n\\","    <a\\n\\","        {{#if env.npm_package_homepage}}\\n\\","        href=\"{{env.npm_package_homepage}}\"\\n\\","        {{/if env.npm_package_homepage}}\\n\\","        target=\"_blank\"\\n\\","    >\\n\\","utility2-comment -->\\n\\","        {{env.npm_package_name}} (v{{env.npm_package_version}})\\n\\","<!-- utility2-comment\\n\\","    </a>\\n\\","utility2-comment -->\\n\\","</h1>\\n\\","<h3>{{env.npm_package_description}}</h3>\\n\\","<!-- utility2-comment\\n\\","<h4><a download href=\"assets.app.js\">download standalone app</a></h4>\\n\\","<button class=\"onclick onreset\" id=\"testRunButton1\">run internal test</button><br>\\n\\","<div id=\"testReportDiv1\" style=\"display: none;\"></div>\\n\\","utility2-comment -->\\n\\","\\n\\","\\n\\","\\n\\","<label>stderr and stdout</label>\\n\\","<textarea class=\"resettable\" id=\"outputTextareaStdout1\" readonly></textarea>\\n\\","<!-- utility2-comment\\n\\","{{#if isRollup}}\\n\\","<script src=\"assets.app.js\"></script>\\n\\","{{#unless isRollup}}\\n\\","utility2-comment -->\\n\\","<script src=\"assets.utility2.rollup.js\"></script>\\n\\","<script src=\"jsonp.utility2._stateInit?callback=window.utility2._stateInit\"></script>\\n\\","<script src=\"assets.npmtest_jsesc.rollup.js\"></script>\\n\\","<script src=\"assets.example.js\"></script>\\n\\","<script src=\"assets.test.js\"></script>\\n\\","<!-- utility2-comment\\n\\","{{/if isRollup}}\\n\\","utility2-comment -->\\n\\","<div class=\"utility2FooterDiv\">\\n\\","    [ this app was created with\\n\\","    <a href=\"https://github.com/kaizhu256/node-utility2\" target=\"_blank\">utility2</a>\\n\\","    ]\\n\\","</div>\\n\\","</body>\\n\\","</html>\\n\\","';","        /* jslint-ignore-end */","        if (local.templateRender) {","            local.assetsDict['/'] = local.templateRender(","                local.assetsDict['/assets.index.template.html'],","                {","                    env: local.objectSetDefault(local.env, {","                        npm_package_description: 'the greatest app in the world!',","                        npm_package_name: 'my-app',","                        npm_package_nameAlias: 'my_app',","                        npm_package_version: '0.0.1'","                    })","                }","            );","        } else {","            local.assetsDict['/'] = local.assetsDict['/assets.index.template.html']","                .replace((/\\{\\{env\\.(\\w+?)\\}\\}/g), function (match0, match1) {","                    // jslint-hack","                    String(match0);","                    switch (match1) {","                    case 'npm_package_description':","                        return 'the greatest app in the world!';","                    case 'npm_package_name':","                        return 'my-app';","                    case 'npm_package_nameAlias':","                        return 'my_app';","                    case 'npm_package_version':","                        return '0.0.1';","                    }","                });","        }","        // run the cli","        if (local.global.utility2_rollup || module !== require.main) {","            break;","        }","        local.assetsDict['/assets.example.js'] =","            local.assetsDict['/assets.example.js'] ||","            local.fs.readFileSync(__filename, 'utf8');","        // bug-workaround - long $npm_package_buildCustomOrg","        /* jslint-ignore-begin */","        local.assetsDict['/assets.npmtest_jsesc.rollup.js'] =","            local.assetsDict['/assets.npmtest_jsesc.rollup.js'] ||","            local.fs.readFileSync(","                local.npmtest_jsesc.__dirname + '/lib.npmtest_jsesc.js',","                'utf8'","            ).replace((/^#!/), '//');","        /* jslint-ignore-end */","        local.assetsDict['/favicon.ico'] = local.assetsDict['/favicon.ico'] || '';","        // if $npm_config_timeout_exit exists,","        // then exit this process after $npm_config_timeout_exit ms","        if (Number(process.env.npm_config_timeout_exit)) {","            setTimeout(process.exit, Number(process.env.npm_config_timeout_exit));","        }","        // start server","        if (local.global.utility2_serverHttp1) {","            break;","        }","        process.env.PORT = process.env.PORT || '8081';","        console.error('server starting on port ' + process.env.PORT);","        local.http.createServer(function (request, response) {","            request.urlParsed = local.url.parse(request.url);","            if (local.assetsDict[request.urlParsed.pathname] !== undefined) {","                response.end(local.assetsDict[request.urlParsed.pathname]);","                return;","            }","            response.statusCode = 404;","            response.end();","        }).listen(process.env.PORT);","        break;","    }","}());",""],"l":{"26":2,"28":2,"33":2,"35":2,"37":2,"38":2,"39":2,"44":1,"51":2,"55":2,"59":2,"61":2,"69":1,"70":2,"76":2,"79":2,"82":2,"83":2,"85":1,"89":2,"92":1,"93":1,"94":1,"96":1,"97":1,"100":1,"101":1,"103":1,"106":1,"108":2,"114":1,"116":1,"118":1,"123":1,"124":2,"125":2,"126":3,"127":3,"128":3,"129":3,"130":1,"133":3,"134":3,"139":3,"143":1,"144":3,"145":1,"149":1,"150":1,"158":1,"160":1,"161":1,"162":1,"164":1,"166":1,"258":1,"259":1,"271":1,"274":6,"275":6,"277":1,"279":2,"281":1,"283":2,"288":1,"289":1,"291":1,"296":1,"303":1,"306":1,"307":1,"310":1,"311":1,"313":1,"314":1,"315":1,"316":1,"317":1,"318":1,"319":1,"321":1,"322":1,"324":1}},"/home/travis/build/npmtest/node-npmtest-jsesc/node_modules/jsesc/jsesc.js":{"path":"/home/travis/build/npmtest/node-npmtest-jsesc/node_modules/jsesc/jsesc.js","s":{"1":1,"2":1,"3":1,"4":0,"5":0,"6":0,"7":1,"8":0,"9":0,"10":0,"11":0,"12":0,"13":1,"14":0,"15":0,"16":0,"17":0,"18":1,"19":1,"20":1,"21":1,"22":0,"23":1,"24":0,"25":1,"26":0,"27":1,"28":0,"29":1,"30":0,"31":1,"32":0,"33":1,"34":1,"35":1,"36":1,"37":1,"38":0,"39":0,"40":0,"41":0,"42":0,"43":0,"44":0,"45":0,"46":0,"47":0,"48":0,"49":0,"50":0,"51":0,"52":0,"53":0,"54":0,"55":0,"56":0,"57":0,"58":0,"59":0,"60":0,"61":0,"62":0,"63":0,"64":0,"65":0,"66":0,"67":0,"68":0,"69":0,"70":0,"71":0,"72":0,"73":0,"74":0,"75":0,"76":0,"77":0,"78":0,"79":0,"80":0,"81":0,"82":0,"83":0,"84":0,"85":0,"86":0,"87":0,"88":0,"89":0,"90":0,"91":0,"92":0,"93":0,"94":0,"95":0,"96":0,"97":0,"98":0,"99":0,"100":0,"101":0,"102":0,"103":0,"104":0,"105":0,"106":0,"107":0,"108":0,"109":0,"110":0,"111":0,"112":0,"113":0,"114":0,"115":0,"116":0,"117":0,"118":0,"119":0,"120":0,"121":0,"122":0,"123":0,"124":0,"125":0,"126":0,"127":0,"128":0,"129":0,"130":0,"131":0,"132":0,"133":0,"134":0,"135":0,"136":0,"137":0,"138":0,"139":0,"140":0,"141":0,"142":0,"143":0,"144":0,"145":0,"146":0,"147":0,"148":0,"149":0,"150":0,"151":0,"152":0,"153":0,"154":0,"155":0,"156":0,"157":0,"158":0,"159":0,"160":0,"161":0,"162":0,"163":0,"164":0,"165":0,"166":0,"167":0,"168":0,"169":0,"170":0,"171":0,"172":0,"173":0,"174":0,"175":0,"176":0,"177":0,"178":0,"179":0,"180":0,"181":0,"182":1,"183":1},"b":{"1":[0,0],"2":[0,0],"3":[0,0],"4":[0,0],"5":[0,0],"6":[0,0],"7":[0,0],"8":[0,0,0],"9":[0,0],"10":[0,0],"11":[0,0],"12":[0,0],"13":[0,0,0],"14":[0,0],"15":[0,0],"16":[0,0],"17":[0,0],"18":[0,0],"19":[0,0],"20":[0,0],"21":[0,0],"22":[0,0],"23":[0,0],"24":[0,0],"25":[0,0],"26":[0,0],"27":[0,0],"28":[0,0],"29":[0,0],"30":[0,0],"31":[0,0],"32":[0,0],"33":[0,0],"34":[0,0],"35":[0,0],"36":[0,0],"37":[0,0],"38":[0,0],"39":[0,0],"40":[0,0],"41":[0,0],"42":[0,0],"43":[0,0],"44":[0,0],"45":[0,0],"46":[0,0],"47":[0,0,0],"48":[0,0],"49":[0,0],"50":[0,0],"51":[0,0],"52":[0,0],"53":[0,0],"54":[0,0],"55":[0,0],"56":[0,0],"57":[0,0],"58":[0,0],"59":[0,0],"60":[0,0,0],"61":[0,0],"62":[0,0],"63":[0,0,0],"64":[0,0],"65":[0,0],"66":[0,0],"67":[0,0],"68":[0,0],"69":[0,0],"70":[0,0],"71":[0,0]},"f":{"1":0,"2":0,"3":0,"4":0,"5":0,"6":0,"7":0,"8":0,"9":0,"10":0,"11":0,"12":0,"13":0,"14":0},"fnMap":{"1":{"name":"(anonymous_1)","line":5,"loc":{"start":{"line":5,"column":15},"end":{"line":5,"column":42}}},"2":{"name":"(anonymous_2)","line":13,"loc":{"start":{"line":13,"column":15},"end":{"line":13,"column":45}}},"3":{"name":"(anonymous_3)","line":17,"loc":{"start":{"line":17,"column":16},"end":{"line":17,"column":37}}},"4":{"name":"(anonymous_4)","line":23,"loc":{"start":{"line":23,"column":16},"end":{"line":23,"column":42}}},"5":{"name":"(anonymous_5)","line":34,"loc":{"start":{"line":34,"column":17},"end":{"line":34,"column":33}}},"6":{"name":"(anonymous_6)","line":38,"loc":{"start":{"line":38,"column":17},"end":{"line":38,"column":33}}},"7":{"name":"(anonymous_7)","line":42,"loc":{"start":{"line":42,"column":17},"end":{"line":42,"column":33}}},"8":{"name":"(anonymous_8)","line":46,"loc":{"start":{"line":46,"column":19},"end":{"line":46,"column":35}}},"9":{"name":"(anonymous_9)","line":49,"loc":{"start":{"line":49,"column":14},"end":{"line":49,"column":30}}},"10":{"name":"(anonymous_10)","line":52,"loc":{"start":{"line":52,"column":14},"end":{"line":52,"column":30}}},"11":{"name":"(anonymous_11)","line":76,"loc":{"start":{"line":76,"column":14},"end":{"line":76,"column":42}}},"12":{"name":"(anonymous_12)","line":77,"loc":{"start":{"line":77,"column":29},"end":{"line":77,"column":40}}},"13":{"name":"(anonymous_13)","line":169,"loc":{"start":{"line":169,"column":21},"end":{"line":169,"column":37}}},"14":{"name":"(anonymous_14)","line":220,"loc":{"start":{"line":220,"column":20},"end":{"line":220,"column":41}}}},"statementMap":{"1":{"start":{"line":3,"column":0},"end":{"line":3,"column":18}},"2":{"start":{"line":4,"column":0},"end":{"line":4,"column":45}},"3":{"start":{"line":5,"column":0},"end":{"line":11,"column":2}},"4":{"start":{"line":6,"column":1},"end":{"line":10,"column":2}},"5":{"start":{"line":7,"column":2},"end":{"line":9,"column":3}},"6":{"start":{"line":8,"column":3},"end":{"line":8,"column":30}},"7":{"start":{"line":13,"column":0},"end":{"line":21,"column":2}},"8":{"start":{"line":14,"column":1},"end":{"line":16,"column":2}},"9":{"start":{"line":15,"column":2},"end":{"line":15,"column":21}},"10":{"start":{"line":17,"column":1},"end":{"line":19,"column":4}},"11":{"start":{"line":18,"column":2},"end":{"line":18,"column":27}},"12":{"start":{"line":20,"column":1},"end":{"line":20,"column":20}},"13":{"start":{"line":23,"column":0},"end":{"line":29,"column":2}},"14":{"start":{"line":24,"column":1},"end":{"line":24,"column":29}},"15":{"start":{"line":25,"column":1},"end":{"line":25,"column":16}},"16":{"start":{"line":26,"column":1},"end":{"line":28,"column":2}},"17":{"start":{"line":27,"column":2},"end":{"line":27,"column":25}},"18":{"start":{"line":31,"column":0},"end":{"line":31,"column":33}},"19":{"start":{"line":32,"column":0},"end":{"line":32,"column":30}},"20":{"start":{"line":33,"column":0},"end":{"line":33,"column":33}},"21":{"start":{"line":34,"column":0},"end":{"line":37,"column":2}},"22":{"start":{"line":36,"column":1},"end":{"line":36,"column":50}},"23":{"start":{"line":38,"column":0},"end":{"line":41,"column":2}},"24":{"start":{"line":39,"column":1},"end":{"line":40,"column":44}},"25":{"start":{"line":42,"column":0},"end":{"line":45,"column":2}},"26":{"start":{"line":43,"column":1},"end":{"line":44,"column":44}},"27":{"start":{"line":46,"column":0},"end":{"line":48,"column":2}},"28":{"start":{"line":47,"column":1},"end":{"line":47,"column":35}},"29":{"start":{"line":49,"column":0},"end":{"line":51,"column":2}},"30":{"start":{"line":50,"column":1},"end":{"line":50,"column":47}},"31":{"start":{"line":52,"column":0},"end":{"line":54,"column":2}},"32":{"start":{"line":53,"column":1},"end":{"line":53,"column":47}},"33":{"start":{"line":59,"column":0},"end":{"line":70,"column":2}},"34":{"start":{"line":71,"column":0},"end":{"line":71,"column":45}},"35":{"start":{"line":73,"column":0},"end":{"line":73,"column":27}},"36":{"start":{"line":74,"column":0},"end":{"line":74,"column":42}},"37":{"start":{"line":76,"column":0},"end":{"line":325,"column":2}},"38":{"start":{"line":77,"column":1},"end":{"line":81,"column":3}},"39":{"start":{"line":78,"column":2},"end":{"line":78,"column":21}},"40":{"start":{"line":79,"column":2},"end":{"line":79,"column":24}},"41":{"start":{"line":80,"column":2},"end":{"line":80,"column":53}},"42":{"start":{"line":83,"column":1},"end":{"line":98,"column":3}},"43":{"start":{"line":99,"column":1},"end":{"line":99,"column":38}},"44":{"start":{"line":100,"column":1},"end":{"line":103,"column":2}},"45":{"start":{"line":101,"column":2},"end":{"line":101,"column":29}},"46":{"start":{"line":102,"column":2},"end":{"line":102,"column":23}},"47":{"start":{"line":104,"column":1},"end":{"line":104,"column":37}},"48":{"start":{"line":105,"column":1},"end":{"line":111,"column":2}},"49":{"start":{"line":110,"column":2},"end":{"line":110,"column":28}},"50":{"start":{"line":112,"column":1},"end":{"line":117,"column":4}},"51":{"start":{"line":118,"column":1},"end":{"line":118,"column":33}},"52":{"start":{"line":119,"column":1},"end":{"line":119,"column":43}},"53":{"start":{"line":120,"column":1},"end":{"line":120,"column":57}},"54":{"start":{"line":121,"column":1},"end":{"line":121,"column":20}},"55":{"start":{"line":122,"column":1},"end":{"line":122,"column":37}},"56":{"start":{"line":123,"column":1},"end":{"line":123,"column":37}},"57":{"start":{"line":124,"column":1},"end":{"line":124,"column":37}},"58":{"start":{"line":125,"column":1},"end":{"line":125,"column":12}},"59":{"start":{"line":126,"column":1},"end":{"line":126,"column":20}},"60":{"start":{"line":127,"column":1},"end":{"line":127,"column":51}},"61":{"start":{"line":128,"column":1},"end":{"line":128,"column":50}},"62":{"start":{"line":129,"column":1},"end":{"line":129,"column":52}},"63":{"start":{"line":130,"column":1},"end":{"line":130,"column":56}},"64":{"start":{"line":132,"column":1},"end":{"line":134,"column":2}},"65":{"start":{"line":133,"column":2},"end":{"line":133,"column":31}},"66":{"start":{"line":136,"column":1},"end":{"line":235,"column":2}},"67":{"start":{"line":137,"column":2},"end":{"line":146,"column":3}},"68":{"start":{"line":138,"column":3},"end":{"line":140,"column":4}},"69":{"start":{"line":139,"column":4},"end":{"line":139,"column":23}},"70":{"start":{"line":141,"column":3},"end":{"line":144,"column":4}},"71":{"start":{"line":142,"column":4},"end":{"line":142,"column":31}},"72":{"start":{"line":143,"column":4},"end":{"line":143,"column":32}},"73":{"start":{"line":145,"column":3},"end":{"line":145,"column":66}},"74":{"start":{"line":147,"column":2},"end":{"line":152,"column":3}},"75":{"start":{"line":148,"column":3},"end":{"line":150,"column":4}},"76":{"start":{"line":149,"column":4},"end":{"line":149,"column":23}},"77":{"start":{"line":151,"column":3},"end":{"line":151,"column":66}},"78":{"start":{"line":153,"column":2},"end":{"line":158,"column":3}},"79":{"start":{"line":154,"column":3},"end":{"line":156,"column":4}},"80":{"start":{"line":155,"column":4},"end":{"line":155,"column":22}},"81":{"start":{"line":157,"column":3},"end":{"line":157,"column":65}},"82":{"start":{"line":159,"column":2},"end":{"line":234,"column":3}},"83":{"start":{"line":160,"column":3},"end":{"line":160,"column":15}},"84":{"start":{"line":161,"column":3},"end":{"line":161,"column":23}},"85":{"start":{"line":162,"column":3},"end":{"line":165,"column":4}},"86":{"start":{"line":163,"column":4},"end":{"line":163,"column":32}},"87":{"start":{"line":164,"column":4},"end":{"line":164,"column":31}},"88":{"start":{"line":166,"column":3},"end":{"line":168,"column":4}},"89":{"start":{"line":167,"column":4},"end":{"line":167,"column":26}},"90":{"start":{"line":169,"column":3},"end":{"line":178,"column":6}},"91":{"start":{"line":170,"column":4},"end":{"line":170,"column":20}},"92":{"start":{"line":171,"column":4},"end":{"line":173,"column":5}},"93":{"start":{"line":172,"column":5},"end":{"line":172,"column":33}},"94":{"start":{"line":174,"column":4},"end":{"line":177,"column":6}},"95":{"start":{"line":179,"column":3},"end":{"line":181,"column":4}},"96":{"start":{"line":180,"column":4},"end":{"line":180,"column":16}},"97":{"start":{"line":182,"column":3},"end":{"line":184,"column":4}},"98":{"start":{"line":183,"column":4},"end":{"line":183,"column":41}},"99":{"start":{"line":185,"column":3},"end":{"line":186,"column":37}},"100":{"start":{"line":187,"column":9},"end":{"line":234,"column":3}},"101":{"start":{"line":188,"column":3},"end":{"line":191,"column":4}},"102":{"start":{"line":190,"column":4},"end":{"line":190,"column":36}},"103":{"start":{"line":192,"column":3},"end":{"line":194,"column":4}},"104":{"start":{"line":193,"column":4},"end":{"line":193,"column":28}},"105":{"start":{"line":195,"column":3},"end":{"line":201,"column":4}},"106":{"start":{"line":196,"column":4},"end":{"line":196,"column":44}},"107":{"start":{"line":197,"column":4},"end":{"line":199,"column":5}},"108":{"start":{"line":198,"column":5},"end":{"line":198,"column":45}},"109":{"start":{"line":200,"column":4},"end":{"line":200,"column":30}},"110":{"start":{"line":202,"column":3},"end":{"line":204,"column":4}},"111":{"start":{"line":203,"column":4},"end":{"line":203,"column":39}},"112":{"start":{"line":205,"column":3},"end":{"line":207,"column":4}},"113":{"start":{"line":206,"column":4},"end":{"line":206,"column":39}},"114":{"start":{"line":208,"column":9},"end":{"line":234,"column":3}},"115":{"start":{"line":209,"column":3},"end":{"line":214,"column":4}},"116":{"start":{"line":213,"column":4},"end":{"line":213,"column":46}},"117":{"start":{"line":215,"column":3},"end":{"line":215,"column":27}},"118":{"start":{"line":217,"column":3},"end":{"line":217,"column":15}},"119":{"start":{"line":218,"column":3},"end":{"line":218,"column":23}},"120":{"start":{"line":219,"column":3},"end":{"line":219,"column":25}},"121":{"start":{"line":220,"column":3},"end":{"line":228,"column":6}},"122":{"start":{"line":221,"column":4},"end":{"line":221,"column":20}},"123":{"start":{"line":222,"column":4},"end":{"line":227,"column":6}},"124":{"start":{"line":229,"column":3},"end":{"line":231,"column":4}},"125":{"start":{"line":230,"column":4},"end":{"line":230,"column":16}},"126":{"start":{"line":232,"column":3},"end":{"line":233,"column":37}},"127":{"start":{"line":237,"column":1},"end":{"line":237,"column":25}},"128":{"start":{"line":239,"column":1},"end":{"line":239,"column":16}},"129":{"start":{"line":240,"column":1},"end":{"line":240,"column":30}},"130":{"start":{"line":241,"column":1},"end":{"line":241,"column":13}},"131":{"start":{"line":242,"column":1},"end":{"line":311,"column":2}},"132":{"start":{"line":243,"column":2},"end":{"line":243,"column":41}},"133":{"start":{"line":244,"column":2},"end":{"line":263,"column":3}},"134":{"start":{"line":245,"column":3},"end":{"line":245,"column":42}},"135":{"start":{"line":246,"column":3},"end":{"line":262,"column":4}},"136":{"start":{"line":250,"column":4},"end":{"line":250,"column":48}},"137":{"start":{"line":251,"column":4},"end":{"line":261,"column":5}},"138":{"start":{"line":253,"column":5},"end":{"line":253,"column":76}},"139":{"start":{"line":254,"column":5},"end":{"line":254,"column":46}},"140":{"start":{"line":255,"column":5},"end":{"line":257,"column":6}},"141":{"start":{"line":256,"column":6},"end":{"line":256,"column":46}},"142":{"start":{"line":258,"column":5},"end":{"line":258,"column":42}},"143":{"start":{"line":259,"column":5},"end":{"line":259,"column":13}},"144":{"start":{"line":260,"column":5},"end":{"line":260,"column":14}},"145":{"start":{"line":264,"column":2},"end":{"line":283,"column":3}},"146":{"start":{"line":265,"column":3},"end":{"line":270,"column":4}},"147":{"start":{"line":268,"column":4},"end":{"line":268,"column":24}},"148":{"start":{"line":269,"column":4},"end":{"line":269,"column":13}},"149":{"start":{"line":271,"column":3},"end":{"line":274,"column":4}},"150":{"start":{"line":272,"column":4},"end":{"line":272,"column":53}},"151":{"start":{"line":273,"column":4},"end":{"line":273,"column":13}},"152":{"start":{"line":275,"column":3},"end":{"line":278,"column":4}},"153":{"start":{"line":276,"column":4},"end":{"line":276,"column":53}},"154":{"start":{"line":277,"column":4},"end":{"line":277,"column":13}},"155":{"start":{"line":279,"column":3},"end":{"line":282,"column":4}},"156":{"start":{"line":280,"column":4},"end":{"line":280,"column":54}},"157":{"start":{"line":281,"column":4},"end":{"line":281,"column":13}},"158":{"start":{"line":284,"column":2},"end":{"line":291,"column":3}},"159":{"start":{"line":289,"column":3},"end":{"line":289,"column":19}},"160":{"start":{"line":290,"column":3},"end":{"line":290,"column":12}},"161":{"start":{"line":292,"column":2},"end":{"line":296,"column":3}},"162":{"start":{"line":294,"column":3},"end":{"line":294,"column":38}},"163":{"start":{"line":295,"column":3},"end":{"line":295,"column":12}},"164":{"start":{"line":297,"column":2},"end":{"line":297,"column":43}},"165":{"start":{"line":298,"column":2},"end":{"line":301,"column":3}},"166":{"start":{"line":299,"column":3},"end":{"line":299,"column":23}},"167":{"start":{"line":300,"column":3},"end":{"line":300,"column":12}},"168":{"start":{"line":302,"column":2},"end":{"line":302,"column":42}},"169":{"start":{"line":303,"column":2},"end":{"line":305,"column":3}},"170":{"start":{"line":304,"column":3},"end":{"line":304,"column":43}},"171":{"start":{"line":306,"column":2},"end":{"line":306,"column":50}},"172":{"start":{"line":307,"column":2},"end":{"line":308,"column":52}},"173":{"start":{"line":309,"column":2},"end":{"line":309,"column":20}},"174":{"start":{"line":310,"column":2},"end":{"line":310,"column":11}},"175":{"start":{"line":312,"column":1},"end":{"line":314,"column":2}},"176":{"start":{"line":313,"column":2},"end":{"line":313,"column":34}},"177":{"start":{"line":315,"column":1},"end":{"line":317,"column":2}},"178":{"start":{"line":316,"column":2},"end":{"line":316,"column":45}},"179":{"start":{"line":318,"column":1},"end":{"line":323,"column":2}},"180":{"start":{"line":320,"column":2},"end":{"line":322,"column":55}},"181":{"start":{"line":324,"column":1},"end":{"line":324,"column":15}},"182":{"start":{"line":327,"column":0},"end":{"line":327,"column":24}},"183":{"start":{"line":329,"column":0},"end":{"line":329,"column":23}}},"branchMap":{"1":{"line":7,"type":"if","locations":[{"start":{"line":7,"column":2},"end":{"line":7,"column":2}},{"start":{"line":7,"column":2},"end":{"line":7,"column":2}}]},"2":{"line":14,"type":"if","locations":[{"start":{"line":14,"column":1},"end":{"line":14,"column":1}},{"start":{"line":14,"column":1},"end":{"line":14,"column":1}}]},"3":{"line":39,"type":"binary-expr","locations":[{"start":{"line":39,"column":8},"end":{"line":39,"column":32}},{"start":{"line":40,"column":2},"end":{"line":40,"column":43}}]},"4":{"line":43,"type":"binary-expr","locations":[{"start":{"line":43,"column":8},"end":{"line":43,"column":32}},{"start":{"line":44,"column":2},"end":{"line":44,"column":43}}]},"5":{"line":99,"type":"binary-expr","locations":[{"start":{"line":99,"column":14},"end":{"line":99,"column":21}},{"start":{"line":99,"column":25},"end":{"line":99,"column":37}}]},"6":{"line":100,"type":"if","locations":[{"start":{"line":100,"column":1},"end":{"line":100,"column":1}},{"start":{"line":100,"column":1},"end":{"line":100,"column":1}}]},"7":{"line":105,"type":"if","locations":[{"start":{"line":105,"column":1},"end":{"line":105,"column":1}},{"start":{"line":105,"column":1},"end":{"line":105,"column":1}}]},"8":{"line":106,"type":"binary-expr","locations":[{"start":{"line":106,"column":2},"end":{"line":106,"column":28}},{"start":{"line":107,"column":2},"end":{"line":107,"column":28}},{"start":{"line":108,"column":2},"end":{"line":108,"column":30}}]},"9":{"line":112,"type":"cond-expr","locations":[{"start":{"line":113,"column":2},"end":{"line":113,"column":5}},{"start":{"line":114,"column":3},"end":{"line":116,"column":7}}]},"10":{"line":114,"type":"cond-expr","locations":[{"start":{"line":115,"column":3},"end":{"line":115,"column":6}},{"start":{"line":116,"column":3},"end":{"line":116,"column":7}}]},"11":{"line":124,"type":"cond-expr","locations":[{"start":{"line":124,"column":27},"end":{"line":124,"column":29}},{"start":{"line":124,"column":32},"end":{"line":124,"column":36}}]},"12":{"line":132,"type":"if","locations":[{"start":{"line":132,"column":1},"end":{"line":132,"column":1}},{"start":{"line":132,"column":1},"end":{"line":132,"column":1}}]},"13":{"line":132,"type":"binary-expr","locations":[{"start":{"line":132,"column":5},"end":{"line":132,"column":9}},{"start":{"line":132,"column":13},"end":{"line":132,"column":21}},{"start":{"line":132,"column":25},"end":{"line":132,"column":52}}]},"14":{"line":136,"type":"if","locations":[{"start":{"line":136,"column":1},"end":{"line":136,"column":1}},{"start":{"line":136,"column":1},"end":{"line":136,"column":1}}]},"15":{"line":137,"type":"if","locations":[{"start":{"line":137,"column":2},"end":{"line":137,"column":2}},{"start":{"line":137,"column":2},"end":{"line":137,"column":2}}]},"16":{"line":138,"type":"if","locations":[{"start":{"line":138,"column":3},"end":{"line":138,"column":3}},{"start":{"line":138,"column":3},"end":{"line":138,"column":3}}]},"17":{"line":141,"type":"if","locations":[{"start":{"line":141,"column":3},"end":{"line":141,"column":3}},{"start":{"line":141,"column":3},"end":{"line":141,"column":3}}]},"18":{"line":147,"type":"if","locations":[{"start":{"line":147,"column":2},"end":{"line":147,"column":2}},{"start":{"line":147,"column":2},"end":{"line":147,"column":2}}]},"19":{"line":148,"type":"if","locations":[{"start":{"line":148,"column":3},"end":{"line":148,"column":3}},{"start":{"line":148,"column":3},"end":{"line":148,"column":3}}]},"20":{"line":153,"type":"if","locations":[{"start":{"line":153,"column":2},"end":{"line":153,"column":2}},{"start":{"line":153,"column":2},"end":{"line":153,"column":2}}]},"21":{"line":154,"type":"if","locations":[{"start":{"line":154,"column":3},"end":{"line":154,"column":3}},{"start":{"line":154,"column":3},"end":{"line":154,"column":3}}]},"22":{"line":159,"type":"if","locations":[{"start":{"line":159,"column":2},"end":{"line":159,"column":2}},{"start":{"line":159,"column":2},"end":{"line":159,"column":2}}]},"23":{"line":162,"type":"if","locations":[{"start":{"line":162,"column":3},"end":{"line":162,"column":3}},{"start":{"line":162,"column":3},"end":{"line":162,"column":3}}]},"24":{"line":166,"type":"if","locations":[{"start":{"line":166,"column":3},"end":{"line":166,"column":3}},{"start":{"line":166,"column":3},"end":{"line":166,"column":3}}]},"25":{"line":171,"type":"if","locations":[{"start":{"line":171,"column":4},"end":{"line":171,"column":4}},{"start":{"line":171,"column":4},"end":{"line":171,"column":4}}]},"26":{"line":175,"type":"cond-expr","locations":[{"start":{"line":175,"column":27},"end":{"line":175,"column":29}},{"start":{"line":175,"column":32},"end":{"line":175,"column":38}}]},"27":{"line":175,"type":"binary-expr","locations":[{"start":{"line":175,"column":6},"end":{"line":175,"column":13}},{"start":{"line":175,"column":17},"end":{"line":175,"column":24}}]},"28":{"line":179,"type":"if","locations":[{"start":{"line":179,"column":3},"end":{"line":179,"column":3}},{"start":{"line":179,"column":3},"end":{"line":179,"column":3}}]},"29":{"line":182,"type":"if","locations":[{"start":{"line":182,"column":3},"end":{"line":182,"column":3}},{"start":{"line":182,"column":3},"end":{"line":182,"column":3}}]},"30":{"line":186,"type":"cond-expr","locations":[{"start":{"line":186,"column":15},"end":{"line":186,"column":17}},{"start":{"line":186,"column":20},"end":{"line":186,"column":29}}]},"31":{"line":187,"type":"if","locations":[{"start":{"line":187,"column":9},"end":{"line":187,"column":9}},{"start":{"line":187,"column":9},"end":{"line":187,"column":9}}]},"32":{"line":188,"type":"if","locations":[{"start":{"line":188,"column":3},"end":{"line":188,"column":3}},{"start":{"line":188,"column":3},"end":{"line":188,"column":3}}]},"33":{"line":192,"type":"if","locations":[{"start":{"line":192,"column":3},"end":{"line":192,"column":3}},{"start":{"line":192,"column":3},"end":{"line":192,"column":3}}]},"34":{"line":195,"type":"if","locations":[{"start":{"line":195,"column":3},"end":{"line":195,"column":3}},{"start":{"line":195,"column":3},"end":{"line":195,"column":3}}]},"35":{"line":197,"type":"if","locations":[{"start":{"line":197,"column":4},"end":{"line":197,"column":4}},{"start":{"line":197,"column":4},"end":{"line":197,"column":4}}]},"36":{"line":202,"type":"if","locations":[{"start":{"line":202,"column":3},"end":{"line":202,"column":3}},{"start":{"line":202,"column":3},"end":{"line":202,"column":3}}]},"37":{"line":205,"type":"if","locations":[{"start":{"line":205,"column":3},"end":{"line":205,"column":3}},{"start":{"line":205,"column":3},"end":{"line":205,"column":3}}]},"38":{"line":208,"type":"if","locations":[{"start":{"line":208,"column":9},"end":{"line":208,"column":9}},{"start":{"line":208,"column":9},"end":{"line":208,"column":9}}]},"39":{"line":209,"type":"if","locations":[{"start":{"line":209,"column":3},"end":{"line":209,"column":3}},{"start":{"line":209,"column":3},"end":{"line":209,"column":3}}]},"40":{"line":213,"type":"binary-expr","locations":[{"start":{"line":213,"column":11},"end":{"line":213,"column":35}},{"start":{"line":213,"column":39},"end":{"line":213,"column":45}}]},"41":{"line":223,"type":"cond-expr","locations":[{"start":{"line":223,"column":16},"end":{"line":223,"column":18}},{"start":{"line":223,"column":21},"end":{"line":223,"column":27}}]},"42":{"line":225,"type":"cond-expr","locations":[{"start":{"line":225,"column":16},"end":{"line":225,"column":18}},{"start":{"line":225,"column":21},"end":{"line":225,"column":24}}]},"43":{"line":229,"type":"if","locations":[{"start":{"line":229,"column":3},"end":{"line":229,"column":3}},{"start":{"line":229,"column":3},"end":{"line":229,"column":3}}]},"44":{"line":233,"type":"cond-expr","locations":[{"start":{"line":233,"column":15},"end":{"line":233,"column":17}},{"start":{"line":233,"column":20},"end":{"line":233,"column":29}}]},"45":{"line":244,"type":"if","locations":[{"start":{"line":244,"column":2},"end":{"line":244,"column":2}},{"start":{"line":244,"column":2},"end":{"line":244,"column":2}}]},"46":{"line":246,"type":"if","locations":[{"start":{"line":246,"column":3},"end":{"line":246,"column":3}},{"start":{"line":246,"column":3},"end":{"line":246,"column":3}}]},"47":{"line":247,"type":"binary-expr","locations":[{"start":{"line":247,"column":4},"end":{"line":247,"column":19}},{"start":{"line":247,"column":23},"end":{"line":247,"column":38}},{"start":{"line":248,"column":4},"end":{"line":248,"column":22}}]},"48":{"line":251,"type":"if","locations":[{"start":{"line":251,"column":4},"end":{"line":251,"column":4}},{"start":{"line":251,"column":4},"end":{"line":251,"column":4}}]},"49":{"line":251,"type":"binary-expr","locations":[{"start":{"line":251,"column":8},"end":{"line":251,"column":24}},{"start":{"line":251,"column":28},"end":{"line":251,"column":44}}]},"50":{"line":255,"type":"if","locations":[{"start":{"line":255,"column":5},"end":{"line":255,"column":5}},{"start":{"line":255,"column":5},"end":{"line":255,"column":5}}]},"51":{"line":264,"type":"if","locations":[{"start":{"line":264,"column":2},"end":{"line":264,"column":2}},{"start":{"line":264,"column":2},"end":{"line":264,"column":2}}]},"52":{"line":265,"type":"if","locations":[{"start":{"line":265,"column":3},"end":{"line":265,"column":3}},{"start":{"line":265,"column":3},"end":{"line":265,"column":3}}]},"53":{"line":271,"type":"if","locations":[{"start":{"line":271,"column":3},"end":{"line":271,"column":3}},{"start":{"line":271,"column":3},"end":{"line":271,"column":3}}]},"54":{"line":272,"type":"cond-expr","locations":[{"start":{"line":272,"column":35},"end":{"line":272,"column":40}},{"start":{"line":272,"column":43},"end":{"line":272,"column":52}}]},"55":{"line":275,"type":"if","locations":[{"start":{"line":275,"column":3},"end":{"line":275,"column":3}},{"start":{"line":275,"column":3},"end":{"line":275,"column":3}}]},"56":{"line":276,"type":"cond-expr","locations":[{"start":{"line":276,"column":35},"end":{"line":276,"column":40}},{"start":{"line":276,"column":43},"end":{"line":276,"column":52}}]},"57":{"line":279,"type":"if","locations":[{"start":{"line":279,"column":3},"end":{"line":279,"column":3}},{"start":{"line":279,"column":3},"end":{"line":279,"column":3}}]},"58":{"line":280,"type":"cond-expr","locations":[{"start":{"line":280,"column":35},"end":{"line":280,"column":41}},{"start":{"line":280,"column":44},"end":{"line":280,"column":53}}]},"59":{"line":284,"type":"if","locations":[{"start":{"line":284,"column":2},"end":{"line":284,"column":2}},{"start":{"line":284,"column":2},"end":{"line":284,"column":2}}]},"60":{"line":285,"type":"binary-expr","locations":[{"start":{"line":285,"column":3},"end":{"line":285,"column":20}},{"start":{"line":286,"column":3},"end":{"line":286,"column":8}},{"start":{"line":287,"column":3},"end":{"line":287,"column":45}}]},"61":{"line":292,"type":"if","locations":[{"start":{"line":292,"column":2},"end":{"line":292,"column":2}},{"start":{"line":292,"column":2},"end":{"line":292,"column":2}}]},"62":{"line":298,"type":"if","locations":[{"start":{"line":298,"column":2},"end":{"line":298,"column":2}},{"start":{"line":298,"column":2},"end":{"line":298,"column":2}}]},"63":{"line":298,"type":"binary-expr","locations":[{"start":{"line":298,"column":6},"end":{"line":298,"column":21}},{"start":{"line":298,"column":25},"end":{"line":298,"column":43}},{"start":{"line":298,"column":47},"end":{"line":298,"column":65}}]},"64":{"line":303,"type":"if","locations":[{"start":{"line":303,"column":2},"end":{"line":303,"column":2}},{"start":{"line":303,"column":2},"end":{"line":303,"column":2}}]},"65":{"line":306,"type":"binary-expr","locations":[{"start":{"line":306,"column":19},"end":{"line":306,"column":41}},{"start":{"line":306,"column":45},"end":{"line":306,"column":49}}]},"66":{"line":307,"type":"cond-expr","locations":[{"start":{"line":307,"column":37},"end":{"line":307,"column":40}},{"start":{"line":307,"column":43},"end":{"line":307,"column":46}}]},"67":{"line":308,"type":"cond-expr","locations":[{"start":{"line":308,"column":43},"end":{"line":308,"column":45}},{"start":{"line":308,"column":48},"end":{"line":308,"column":50}}]},"68":{"line":312,"type":"if","locations":[{"start":{"line":312,"column":1},"end":{"line":312,"column":1}},{"start":{"line":312,"column":1},"end":{"line":312,"column":1}}]},"69":{"line":315,"type":"if","locations":[{"start":{"line":315,"column":1},"end":{"line":315,"column":1}},{"start":{"line":315,"column":1},"end":{"line":315,"column":1}}]},"70":{"line":318,"type":"if","locations":[{"start":{"line":318,"column":1},"end":{"line":318,"column":1}},{"start":{"line":318,"column":1},"end":{"line":318,"column":1}}]},"71":{"line":322,"type":"cond-expr","locations":[{"start":{"line":322,"column":28},"end":{"line":322,"column":40}},{"start":{"line":322,"column":43},"end":{"line":322,"column":53}}]}},"code":["'use strict';","","const object = {};","const hasOwnProperty = object.hasOwnProperty;","const forOwn = function(object, callback) {","\tfor (const key in object) {","\t\tif (hasOwnProperty.call(object, key)) {","\t\t\tcallback(key, object[key]);","\t\t}","\t}","};","","const extend = function(destination, source) {","\tif (!source) {","\t\treturn destination;","\t}","\tforOwn(source, function(key, value) {","\t\tdestination[key] = value;","\t});","\treturn destination;","};","","const forEach = function(array, callback) {","\tconst length = array.length;","\tlet index = -1;","\twhile (++index < length) {","\t\tcallback(array[index]);","\t}","};","","const toString = object.toString;","const isArray = Array.isArray;","const isBuffer = Buffer.isBuffer;","const isObject = function(value) {","\t// This is a very simple check, but it’s good enough for what we need.","\treturn toString.call(value) == '[object Object]';","};","const isString = function(value) {","\treturn typeof value == 'string' ||","\t\ttoString.call(value) == '[object String]';","};","const isNumber = function(value) {","\treturn typeof value == 'number' ||","\t\ttoString.call(value) == '[object Number]';","};","const isFunction = function(value) {","\treturn typeof value == 'function';","};","const isMap = function(value) {","\treturn toString.call(value) == '[object Map]';","};","const isSet = function(value) {","\treturn toString.call(value) == '[object Set]';","};","","/*--------------------------------------------------------------------------*/","","// https://mathiasbynens.be/notes/javascript-escapes#single","const singleEscapes = {","\t'\"': '\\\\\"',","\t'\\'': '\\\\\\'',","\t'\\\\': '\\\\\\\\',","\t'\\b': '\\\\b',","\t'\\f': '\\\\f',","\t'\\n': '\\\\n',","\t'\\r': '\\\\r',","\t'\\t': '\\\\t'","\t// `\\v` is omitted intentionally, because in IE < 9, '\\v' == 'v'.","\t// '\\v': '\\\\x0B'","};","const regexSingleEscape = /[\"'\\\\\\b\\f\\n\\r\\t]/;","","const regexDigit = /[0-9]/;","const regexWhitelist = /[ !#-&\\(-\\[\\]-~]/;","","const jsesc = function(argument, options) {","\tconst increaseIndentation = function() {","\t\toldIndent = indent;","\t\t++options.indentLevel;","\t\tindent = options.indent.repeat(options.indentLevel)","\t};","\t// Handle options","\tconst defaults = {","\t\t'escapeEverything': false,","\t\t'minimal': false,","\t\t'isScriptContext': false,","\t\t'quotes': 'single',","\t\t'wrap': false,","\t\t'es6': false,","\t\t'json': false,","\t\t'compact': true,","\t\t'lowercaseHex': false,","\t\t'numbers': 'decimal',","\t\t'indent': '\\t',","\t\t'indentLevel': 0,","\t\t'__inline1__': false,","\t\t'__inline2__': false","\t};","\tconst json = options && options.json;","\tif (json) {","\t\tdefaults.quotes = 'double';","\t\tdefaults.wrap = true;","\t}","\toptions = extend(defaults, options);","\tif (","\t\toptions.quotes != 'single' &&","\t\toptions.quotes != 'double' &&","\t\toptions.quotes != 'backtick'","\t) {","\t\toptions.quotes = 'single';","\t}","\tconst quote = options.quotes == 'double' ?","\t\t'\"' :","\t\t(options.quotes == 'backtick' ?","\t\t\t'`' :","\t\t\t'\\''","\t\t);","\tconst compact = options.compact;","\tconst lowercaseHex = options.lowercaseHex;","\tlet indent = options.indent.repeat(options.indentLevel);","\tlet oldIndent = '';","\tconst inline1 = options.__inline1__;","\tconst inline2 = options.__inline2__;","\tconst newLine = compact ? '' : '\\n';","\tlet result;","\tlet isEmpty = true;","\tconst useBinNumbers = options.numbers == 'binary';","\tconst useOctNumbers = options.numbers == 'octal';","\tconst useDecNumbers = options.numbers == 'decimal';","\tconst useHexNumbers = options.numbers == 'hexadecimal';","","\tif (json && argument && isFunction(argument.toJSON)) {","\t\targument = argument.toJSON();","\t}","","\tif (!isString(argument)) {","\t\tif (isMap(argument)) {","\t\t\tif (argument.size == 0) {","\t\t\t\treturn 'new Map()';","\t\t\t}","\t\t\tif (!compact) {","\t\t\t\toptions.__inline1__ = true;","\t\t\t\toptions.__inline2__ = false;","\t\t\t}","\t\t\treturn 'new Map(' + jsesc(Array.from(argument), options) + ')';","\t\t}","\t\tif (isSet(argument)) {","\t\t\tif (argument.size == 0) {","\t\t\t\treturn 'new Set()';","\t\t\t}","\t\t\treturn 'new Set(' + jsesc(Array.from(argument), options) + ')';","\t\t}","\t\tif (isBuffer(argument)) {","\t\t\tif (argument.length == 0) {","\t\t\t\treturn 'Buffer()';","\t\t\t}","\t\t\treturn 'Buffer(' + jsesc(Array.from(argument), options) + ')';","\t\t}","\t\tif (isArray(argument)) {","\t\t\tresult = [];","\t\t\toptions.wrap = true;","\t\t\tif (inline1) {","\t\t\t\toptions.__inline1__ = false;","\t\t\t\toptions.__inline2__ = true;","\t\t\t}","\t\t\tif (!inline2) {","\t\t\t\tincreaseIndentation();","\t\t\t}","\t\t\tforEach(argument, function(value) {","\t\t\t\tisEmpty = false;","\t\t\t\tif (inline2) {","\t\t\t\t\toptions.__inline2__ = false;","\t\t\t\t}","\t\t\t\tresult.push(","\t\t\t\t\t(compact || inline2 ? '' : indent) +","\t\t\t\t\tjsesc(value, options)","\t\t\t\t);","\t\t\t});","\t\t\tif (isEmpty) {","\t\t\t\treturn '[]';","\t\t\t}","\t\t\tif (inline2) {","\t\t\t\treturn '[' + result.join(', ') + ']';","\t\t\t}","\t\t\treturn '[' + newLine + result.join(',' + newLine) + newLine +","\t\t\t\t(compact ? '' : oldIndent) + ']';","\t\t} else if (isNumber(argument)) {","\t\t\tif (json) {","\t\t\t\t// Some number values (e.g. `Infinity`) cannot be represented in JSON.","\t\t\t\treturn JSON.stringify(argument);","\t\t\t}","\t\t\tif (useDecNumbers) {","\t\t\t\treturn String(argument);","\t\t\t}","\t\t\tif (useHexNumbers) {","\t\t\t\tlet hexadecimal = argument.toString(16);","\t\t\t\tif (!lowercaseHex) {","\t\t\t\t\thexadecimal = hexadecimal.toUpperCase();","\t\t\t\t}","\t\t\t\treturn '0x' + hexadecimal;","\t\t\t}","\t\t\tif (useBinNumbers) {","\t\t\t\treturn '0b' + argument.toString(2);","\t\t\t}","\t\t\tif (useOctNumbers) {","\t\t\t\treturn '0o' + argument.toString(8);","\t\t\t}","\t\t} else if (!isObject(argument)) {","\t\t\tif (json) {","\t\t\t\t// For some values (e.g. `undefined`, `function` objects),","\t\t\t\t// `JSON.stringify(value)` returns `undefined` (which isn’t valid","\t\t\t\t// JSON) instead of `'null'`.","\t\t\t\treturn JSON.stringify(argument) || 'null';","\t\t\t}","\t\t\treturn String(argument);","\t\t} else { // it’s an object","\t\t\tresult = [];","\t\t\toptions.wrap = true;","\t\t\tincreaseIndentation();","\t\t\tforOwn(argument, function(key, value) {","\t\t\t\tisEmpty = false;","\t\t\t\tresult.push(","\t\t\t\t\t(compact ? '' : indent) +","\t\t\t\t\tjsesc(key, options) + ':' +","\t\t\t\t\t(compact ? '' : ' ') +","\t\t\t\t\tjsesc(value, options)","\t\t\t\t);","\t\t\t});","\t\t\tif (isEmpty) {","\t\t\t\treturn '{}';","\t\t\t}","\t\t\treturn '{' + newLine + result.join(',' + newLine) + newLine +","\t\t\t\t(compact ? '' : oldIndent) + '}';","\t\t}","\t}","","\tconst string = argument;","\t// Loop over each code unit in the string and escape it","\tlet index = -1;","\tconst length = string.length;","\tresult = '';","\twhile (++index < length) {","\t\tconst character = string.charAt(index);","\t\tif (options.es6) {","\t\t\tconst first = string.charCodeAt(index);","\t\t\tif ( // check if it’s the start of a surrogate pair","\t\t\t\tfirst >= 0xD800 && first <= 0xDBFF && // high surrogate","\t\t\t\tlength > index + 1 // there is a next code unit","\t\t\t) {","\t\t\t\tconst second = string.charCodeAt(index + 1);","\t\t\t\tif (second >= 0xDC00 && second <= 0xDFFF) { // low surrogate","\t\t\t\t\t// https://mathiasbynens.be/notes/javascript-encoding#surrogate-formulae","\t\t\t\t\tconst codePoint = (first - 0xD800) * 0x400 + second - 0xDC00 + 0x10000;","\t\t\t\t\tlet hexadecimal = codePoint.toString(16);","\t\t\t\t\tif (!lowercaseHex) {","\t\t\t\t\t\thexadecimal = hexadecimal.toUpperCase();","\t\t\t\t\t}","\t\t\t\t\tresult += '\\\\u{' + hexadecimal + '}';","\t\t\t\t\t++index;","\t\t\t\t\tcontinue;","\t\t\t\t}","\t\t\t}","\t\t}","\t\tif (!options.escapeEverything) {","\t\t\tif (regexWhitelist.test(character)) {","\t\t\t\t// It’s a printable ASCII character that is not `\"`, `'` or `\\`,","\t\t\t\t// so don’t escape it.","\t\t\t\tresult += character;","\t\t\t\tcontinue;","\t\t\t}","\t\t\tif (character == '\"') {","\t\t\t\tresult += quote == character ? '\\\\\"' : character;","\t\t\t\tcontinue;","\t\t\t}","\t\t\tif (character == '`') {","\t\t\t\tresult += quote == character ? '\\\\`' : character;","\t\t\t\tcontinue;","\t\t\t}","\t\t\tif (character == '\\'') {","\t\t\t\tresult += quote == character ? '\\\\\\'' : character;","\t\t\t\tcontinue;","\t\t\t}","\t\t}","\t\tif (","\t\t\tcharacter == '\\0' &&","\t\t\t!json &&","\t\t\t!regexDigit.test(string.charAt(index + 1))","\t\t) {","\t\t\tresult += '\\\\0';","\t\t\tcontinue;","\t\t}","\t\tif (regexSingleEscape.test(character)) {","\t\t\t// no need for a `hasOwnProperty` check here","\t\t\tresult += singleEscapes[character];","\t\t\tcontinue;","\t\t}","\t\tconst charCode = character.charCodeAt(0);","\t\tif (options.minimal && charCode != 0x2028 && charCode != 0x2029) {","\t\t\tresult += character;","\t\t\tcontinue;","\t\t}","\t\tlet hexadecimal = charCode.toString(16);","\t\tif (!lowercaseHex) {","\t\t\thexadecimal = hexadecimal.toUpperCase();","\t\t}","\t\tconst longhand = hexadecimal.length > 2 || json;","\t\tconst escaped = '\\\\' + (longhand ? 'u' : 'x') +","\t\t\t('0000' + hexadecimal).slice(longhand ? -4 : -2);","\t\tresult += escaped;","\t\tcontinue;","\t}","\tif (options.wrap) {","\t\tresult = quote + result + quote;","\t}","\tif (quote == '`') {","\t\tresult = result.replace(/\\$\\{/g, '\\\\\\$\\{');","\t}","\tif (options.isScriptContext) {","\t\t// https://mathiasbynens.be/notes/etago","\t\treturn result","\t\t\t.replace(/<\\/(script|style)/gi, '<\\\\/$1')","\t\t\t.replace(/<!--/g, json ? '\\\\u003C!--' : '\\\\x3C!--');","\t}","\treturn result;","};","","jsesc.version = '2.5.0';","","module.exports = jsesc;",""],"l":{"3":1,"4":1,"5":1,"6":0,"7":0,"8":0,"13":1,"14":0,"15":0,"17":0,"18":0,"20":0,"23":1,"24":0,"25":0,"26":0,"27":0,"31":1,"32":1,"33":1,"34":1,"36":0,"38":1,"39":0,"42":1,"43":0,"46":1,"47":0,"49":1,"50":0,"52":1,"53":0,"59":1,"71":1,"73":1,"74":1,"76":1,"77":0,"78":0,"79":0,"80":0,"83":0,"99":0,"100":0,"101":0,"102":0,"104":0,"105":0,"110":0,"112":0,"118":0,"119":0,"120":0,"121":0,"122":0,"123":0,"124":0,"125":0,"126":0,"127":0,"128":0,"129":0,"130":0,"132":0,"133":0,"136":0,"137":0,"138":0,"139":0,"141":0,"142":0,"143":0,"145":0,"147":0,"148":0,"149":0,"151":0,"153":0,"154":0,"155":0,"157":0,"159":0,"160":0,"161":0,"162":0,"163":0,"164":0,"166":0,"167":0,"169":0,"170":0,"171":0,"172":0,"174":0,"179":0,"180":0,"182":0,"183":0,"185":0,"187":0,"188":0,"190":0,"192":0,"193":0,"195":0,"196":0,"197":0,"198":0,"200":0,"202":0,"203":0,"205":0,"206":0,"208":0,"209":0,"213":0,"215":0,"217":0,"218":0,"219":0,"220":0,"221":0,"222":0,"229":0,"230":0,"232":0,"237":0,"239":0,"240":0,"241":0,"242":0,"243":0,"244":0,"245":0,"246":0,"250":0,"251":0,"253":0,"254":0,"255":0,"256":0,"258":0,"259":0,"260":0,"264":0,"265":0,"268":0,"269":0,"271":0,"272":0,"273":0,"275":0,"276":0,"277":0,"279":0,"280":0,"281":0,"284":0,"289":0,"290":0,"292":0,"294":0,"295":0,"297":0,"298":0,"299":0,"300":0,"302":0,"303":0,"304":0,"306":0,"307":0,"309":0,"310":0,"312":0,"313":0,"315":0,"316":0,"318":0,"320":0,"324":0,"327":1,"329":1}}}